2020-08-01 20:17:15,967-GradeMonitor(1520182520)-INFO-初始化完成！
2020-08-01 20:17:15,970-GradeMonitor(1520182520)-INFO-检查成绩。。。
2020-08-01 20:17:15,998-GradeMonitor(1520182520)-INFO-开始登陆web vpn。。。
2020-08-01 20:17:16,893-GradeMonitor(1520182520)-INFO-获取验证码。。。
2020-08-01 20:17:18,355-GradeMonitor(1520182520)-INFO-验证码: pA8N
2020-08-01 20:17:19,100-GradeMonitor(1520182520)-INFO-登录成功
2020-08-01 20:17:19,466-GradeMonitor(1520182520)-INFO-无新成绩
2020-08-01 20:47:19,507-GradeMonitor(1520182520)-INFO-检查成绩。。。
2020-08-01 20:47:19,558-GradeMonitor(1520182520)-INFO-开始登陆web vpn。。。
2020-08-01 20:47:26,555-GradeMonitor(1520182520)-INFO-登录成功
2020-08-01 20:47:26,977-GradeMonitor(1520182520)-INFO-无新成绩
2020-08-01 21:17:27,037-GradeMonitor(1520182520)-INFO-检查成绩。。。
2020-08-01 21:17:27,079-GradeMonitor(1520182520)-INFO-开始登陆web vpn。。。
2020-08-01 21:17:27,912-GradeMonitor(1520182520)-INFO-登录成功
2020-08-01 21:17:28,253-GradeMonitor(1520182520)-INFO-无新成绩
2020-08-01 21:47:28,305-GradeMonitor(1520182520)-INFO-检查成绩。。。
2020-08-01 21:47:28,355-GradeMonitor(1520182520)-INFO-开始登陆web vpn。。。
2020-08-01 21:47:34,243-GradeMonitor(1520182520)-INFO-登录成功
2020-08-01 21:47:34,613-GradeMonitor(1520182520)-INFO-无新成绩
2020-08-01 22:17:34,659-GradeMonitor(1520182520)-INFO-检查成绩。。。
2020-08-01 22:17:34,707-GradeMonitor(1520182520)-INFO-开始登陆web vpn。。。
2020-08-01 22:17:36,297-GradeMonitor(1520182520)-INFO-登录成功
2020-08-01 22:17:36,642-GradeMonitor(1520182520)-INFO-无新成绩
2020-08-01 22:47:36,688-GradeMonitor(1520182520)-INFO-检查成绩。。。
2020-08-01 22:47:36,739-GradeMonitor(1520182520)-INFO-开始登陆web vpn。。。
2020-08-01 22:47:37,955-GradeMonitor(1520182520)-INFO-登录成功
2020-08-01 22:47:38,271-GradeMonitor(1520182520)-INFO-无新成绩
2020-08-01 23:23:04,456-GradeMonitor(1520182520)-INFO-检查成绩。。。
2020-08-01 23:23:04,501-GradeMonitor(1520182520)-INFO-开始登陆web vpn。。。
2020-08-01 23:23:10,119-GradeMonitor(1520182520)-INFO-登录成功
2020-08-01 23:23:10,564-GradeMonitor(1520182520)-INFO-无新成绩
