2020-08-01 20:17:14,448-main-INFO-读取配置文件config.yaml
2020-08-01 20:17:14,452-main-INFO-当前配置:
2020-08-01 20:17:14,452-main-INFO-
{'mail': {'port': 465,
          'secret': 'yjnbbqyhzkfabcaa',
          'sender': '754523314@qq.com',
          'senderName': 'Monitor',
          'server': 'smtp.qq.com'},
 'monitor': {'interval': 1800},
 'ocr': {'apiKey': 'DkP6PhZxIzSt1Y2h5QH25iRE',
         'secretKey': '88bdoGnYFAnt8cUgOQV6rBrPg7pe1BAf'},
 'users': [{'user': {'email': '754523314@qq.com',
                     'id': 1520182520,
                     'password': 'wsq.20001005.pq.3Q'}}]}
2020-08-01 20:17:14,453-main-INFO-初始化邮箱服务
2020-08-01 20:17:15,587-main-INFO-初始百度ocr
2020-08-01 20:17:15,757-main-INFO-读取用户信息
2020-08-01 20:17:15,970-main-INFO-GradeMonitor(1520182520): 开始执行第1次任务
2020-08-01 20:17:15,970-main-INFO-用户1520182520任务线程已启动
2020-08-01 20:17:15,971-main-INFO-程序初始化完成，程序正常运行中
2020-08-01 20:17:19,478-main-INFO-GradeMonitor(1520182520): 第1次任务结束
2020-08-01 20:47:19,495-main-INFO-GradeMonitor(1520182520): 开始执行第2次任务
2020-08-01 20:47:26,994-main-INFO-GradeMonitor(1520182520): 第2次任务结束
2020-08-01 21:17:27,024-main-INFO-GradeMonitor(1520182520): 开始执行第3次任务
2020-08-01 21:17:28,274-main-INFO-GradeMonitor(1520182520): 第3次任务结束
2020-08-01 21:47:28,293-main-INFO-GradeMonitor(1520182520): 开始执行第4次任务
2020-08-01 21:47:34,630-main-INFO-GradeMonitor(1520182520): 第4次任务结束
2020-08-01 22:17:34,648-main-INFO-GradeMonitor(1520182520): 开始执行第5次任务
2020-08-01 22:17:36,658-main-INFO-GradeMonitor(1520182520): 第5次任务结束
2020-08-01 22:47:36,676-main-INFO-GradeMonitor(1520182520): 开始执行第6次任务
2020-08-01 22:47:38,288-main-INFO-GradeMonitor(1520182520): 第6次任务结束
2020-08-01 23:17:38,306-main-INFO-GradeMonitor(1520182520): 开始执行第7次任务
2020-08-01 23:23:10,577-main-INFO-GradeMonitor(1520182520): 第7次任务结束
